<?xml version="1.0" encoding="UTF-8"?>
<robot generator="Robot 4.1 (Python 3.9.6 on darwin)" generated="20210813 20:16:33.551" rpa="false" schemaversion="2">
<suite id="s1" name="Tables" source="/Users/maicmiller/Documents/GitHub/ValidandoRegistro-RobotFramework/web/tests/tables.robot">
<test id="s1-t1" name="CN-1 Verifica o valor ao inrformar o número da linha">
<kw name="Nova sessão" library="base" type="SETUP">
<kw name="Open Browser" library="SeleniumLibrary">
<arg>${url}</arg>
<arg>chrome</arg>
<doc>Opens a new browser instance to the optional ``url``.</doc>
<msg timestamp="20210813 20:16:33.863" level="INFO">Opening browser 'chrome' to base url 'https://training-wheels-protocol.herokuapp.com/'.</msg>
<status status="PASS" starttime="20210813 20:16:33.863" endtime="20210813 20:16:38.153"/>
</kw>
<status status="PASS" starttime="20210813 20:16:33.862" endtime="20210813 20:16:38.154"/>
</kw>
<kw name="Go To" library="SeleniumLibrary">
<arg>${url}/tables</arg>
<doc>Navigates the current browser window to the provided ``url``.</doc>
<msg timestamp="20210813 20:16:38.156" level="INFO">Opening url 'https://training-wheels-protocol.herokuapp.com//tables'</msg>
<status status="PASS" starttime="20210813 20:16:38.155" endtime="20210813 20:16:38.467"/>
</kw>
<kw name="Table Row Should Contain" library="SeleniumLibrary">
<arg>id:actors</arg>
<arg>1</arg>
<arg>@robertdowneyjr</arg>
<doc>Verifies that table row contains text ``expected``.</doc>
<status status="PASS" starttime="20210813 20:16:38.467" endtime="20210813 20:16:38.601"/>
</kw>
<kw name="Encerra sessão" library="base" type="TEARDOWN">
<kw name="Capture Page Screenshot" library="SeleniumLibrary">
<doc>Takes a screenshot of the current page and embeds it into a log file.</doc>
<msg timestamp="20210813 20:16:38.786" level="INFO" html="true">&lt;/td&gt;&lt;/tr&gt;&lt;tr&gt;&lt;td colspan="3"&gt;&lt;a href="selenium-screenshot-1.png"&gt;&lt;img src="selenium-screenshot-1.png" width="800px"&gt;&lt;/a&gt;</msg>
<status status="PASS" starttime="20210813 20:16:38.603" endtime="20210813 20:16:38.787"/>
</kw>
<kw name="Close Browser" library="SeleniumLibrary">
<doc>Closes the current browser.</doc>
<status status="PASS" starttime="20210813 20:16:38.787" endtime="20210813 20:16:38.937"/>
</kw>
<status status="PASS" starttime="20210813 20:16:38.602" endtime="20210813 20:16:38.937"/>
</kw>
<status status="PASS" starttime="20210813 20:16:33.860" endtime="20210813 20:16:38.938"/>
</test>
<test id="s1-t2" name="CN-2 Descobre a linha pelo texto chave e valida os demais valores">
<kw name="Nova sessão" library="base" type="SETUP">
<kw name="Open Browser" library="SeleniumLibrary">
<arg>${url}</arg>
<arg>chrome</arg>
<doc>Opens a new browser instance to the optional ``url``.</doc>
<msg timestamp="20210813 20:16:38.943" level="INFO">Opening browser 'chrome' to base url 'https://training-wheels-protocol.herokuapp.com/'.</msg>
<status status="PASS" starttime="20210813 20:16:38.942" endtime="20210813 20:16:43.055"/>
</kw>
<status status="PASS" starttime="20210813 20:16:38.941" endtime="20210813 20:16:43.056"/>
</kw>
<kw name="Go To" library="SeleniumLibrary">
<arg>${url}/tables</arg>
<doc>Navigates the current browser window to the provided ``url``.</doc>
<msg timestamp="20210813 20:16:43.058" level="INFO">Opening url 'https://training-wheels-protocol.herokuapp.com//tables'</msg>
<status status="PASS" starttime="20210813 20:16:43.057" endtime="20210813 20:16:43.363"/>
</kw>
<kw name="Get WebElement" library="SeleniumLibrary">
<var>${target}</var>
<arg>xpath:.//tr[contains(., '@chadwickboseman')]</arg>
<doc>Returns the first WebElement matching the given ``locator``.</doc>
<msg timestamp="20210813 20:16:43.389" level="INFO">${target} = &lt;selenium.webdriver.remote.webelement.WebElement (session="f7ef2b2be55b12dfa399870dfbace4f6", element="caa40181-e28a-445e-9a8e-00bd6a9fc14c")&gt;</msg>
<status status="PASS" starttime="20210813 20:16:43.363" endtime="20210813 20:16:43.389"/>
</kw>
<kw name="Log" library="BuiltIn">
<arg>${target.text}</arg>
<doc>Logs the given message with the given level.</doc>
<msg timestamp="20210813 20:16:43.423" level="INFO">Chadwick Boseman Pantera Negra Vingadores $ 700.000 @chadwickboseman edit delete</msg>
<status status="PASS" starttime="20210813 20:16:43.389" endtime="20210813 20:16:43.423"/>
</kw>
<kw name="Should Contain" library="BuiltIn">
<arg>${target.text}</arg>
<arg>$ 700.000</arg>
<doc>Fails if ``container`` does not contain ``item`` one or more times.</doc>
<status status="PASS" starttime="20210813 20:16:43.424" endtime="20210813 20:16:43.455"/>
</kw>
<kw name="Should Contain" library="BuiltIn">
<arg>${target.text}</arg>
<arg>Pantera Negra</arg>
<doc>Fails if ``container`` does not contain ``item`` one or more times.</doc>
<status status="PASS" starttime="20210813 20:16:43.455" endtime="20210813 20:16:43.483"/>
</kw>
<kw name="Encerra sessão" library="base" type="TEARDOWN">
<kw name="Capture Page Screenshot" library="SeleniumLibrary">
<doc>Takes a screenshot of the current page and embeds it into a log file.</doc>
<msg timestamp="20210813 20:16:43.684" level="INFO" html="true">&lt;/td&gt;&lt;/tr&gt;&lt;tr&gt;&lt;td colspan="3"&gt;&lt;a href="selenium-screenshot-2.png"&gt;&lt;img src="selenium-screenshot-2.png" width="800px"&gt;&lt;/a&gt;</msg>
<status status="PASS" starttime="20210813 20:16:43.485" endtime="20210813 20:16:43.684"/>
</kw>
<kw name="Close Browser" library="SeleniumLibrary">
<doc>Closes the current browser.</doc>
<status status="PASS" starttime="20210813 20:16:43.685" endtime="20210813 20:16:43.789"/>
</kw>
<status status="PASS" starttime="20210813 20:16:43.483" endtime="20210813 20:16:43.790"/>
</kw>
<status status="PASS" starttime="20210813 20:16:38.939" endtime="20210813 20:16:43.790"/>
</test>
<status status="PASS" starttime="20210813 20:16:33.553" endtime="20210813 20:16:43.795"/>
</suite>
<statistics>
<total>
<stat pass="2" fail="0" skip="0">All Tests</stat>
</total>
<tag>
</tag>
<suite>
<stat pass="2" fail="0" skip="0" id="s1" name="Tables">Tables</stat>
</suite>
</statistics>
<errors>
</errors>
</robot>
